Found the following envvars:
 -  DD_IGNORE_AUTOCONF=etcd
 -  DD_CLUSTER_AGENT_ENABLED=true
 -  DD_LOGS_CONFIG_AUTO_MULTI_LINE_DETECTION=false
 -  DD_DOGSTATSD_SOCKET=/var/run/datadog/dsd.socket
 -  DD_PROMETHEUS_SCRAPE_VERSION=2
 -  DD_DOGSTATSD_PORT=8125
 -  DD_CLUSTER_AGENT_KUBERNETES_SERVICE_NAME=release-datadog-cluster-agent
 -  DD_HEALTH_PORT=5555
 -  DD_KUBERNETES_KUBELET_HOST=192.168.49.2
 -  DD_KUBELET_TLS_VERIFY=false
 -  DD_LOG_LEVEL=INFO
 -  DD_APM_ENABLED=false
 -  DD_APM_ENABLED=false
 -  DD_LOGS_CONFIG_CONTAINER_COLLECT_ALL=true
 -  DD_LOGS_CONFIG_K8S_CONTAINER_USE_FILE=true
 -  DD_EXTRA_CONFIG_PROVIDERS=clusterchecks endpointschecks
 -  GODEBUG=x509ignoreCN=0
 -  DD_DOGSTATSD_NON_LOCAL_TRAFFIC=true
 -  DD_LOGS_ENABLED=true
 -  DD_PROMETHEUS_SCRAPE_ENABLED=true
 -  DD_EXPVAR_PORT=6000
 -  DD_PYTHON_VERSION=3
 -  HOST_PROC=/host/proc
 -  DOCKER_HOST=unix:///host/var/run/docker.sock